# JRE version: Java(TM) SE Runtime Environment 18.9 (11.0.14+8) (build 11.0.14+8-LTS-263)
# Java VM: Java HotSpot(TM) 64-Bit Server VM 18.9 (11.0.14+8-LTS-263, mixed mode, tiered, compressed oops, g1 gc, windows-amd64)
Heap:
 garbage-first heap   total 260096K, used 135708K [0x0000000702400000, 0x0000000800000000)
  region size 1024K, 105 young (107520K), 12 survivors (12288K)
 Metaspace       used 49865K, capacity 51458K, committed 51712K, reserved 1093632K
  class space    used 5895K, capacity 6566K, committed 6656K, reserved 1048576K
GC Heap History (10 events):
Event: 2.085 GC heap before
{Heap before GC invocations=1 (full 0):
 garbage-first heap   total 260096K, used 27845K [0x0000000702400000, 0x0000000800000000)
  region size 1024K, 19 young (19456K), 3 survivors (3072K)
 Metaspace       used 16356K, capacity 16944K, committed 17024K, reserved 1064960K
  class space    used 1667K, capacity 1878K, committed 1920K, reserved 1048576K
}
Event: 2.089 GC heap after
{Heap after GC invocations=2 (full 0):
 garbage-first heap   total 260096K, used 13021K [0x0000000702400000, 0x0000000800000000)
  region size 1024K, 2 young (2048K), 2 survivors (2048K)
 Metaspace       used 16356K, capacity 16944K, committed 17024K, reserved 1064960K
  class space    used 1667K, capacity 1878K, committed 1920K, reserved 1048576K
}
Event: 2.579 GC heap before
{Heap before GC invocations=2 (full 0):
 garbage-first heap   total 260096K, used 34525K [0x0000000702400000, 0x0000000800000000)
  region size 1024K, 24 young (24576K), 2 survivors (2048K)
 Metaspace       used 20526K, capacity 21192K, committed 21248K, reserved 1069056K
  class space    used 2261K, capacity 2512K, committed 2560K, reserved 1048576K
}
Event: 2.583 GC heap after
{Heap after GC invocations=3 (full 0):
 garbage-first heap   total 260096K, used 13830K [0x0000000702400000, 0x0000000800000000)
  region size 1024K, 3 young (3072K), 3 survivors (3072K)
 Metaspace       used 20526K, capacity 21192K, committed 21248K, reserved 1069056K
  class space    used 2261K, capacity 2512K, committed 2560K, reserved 1048576K
}
Event: 4.092 GC heap before
{Heap before GC invocations=4 (full 0):
 garbage-first heap   total 260096K, used 77318K [0x0000000702400000, 0x0000000800000000)
  region size 1024K, 65 young (66560K), 3 survivors (3072K)
 Metaspace       used 29481K, capacity 30365K, committed 30592K, reserved 1077248K
  class space    used 3330K, capacity 3684K, committed 3712K, reserved 1048576K
}
Event: 4.099 GC heap after
{Heap after GC invocations=5 (full 0):
 garbage-first heap   total 260096K, used 18598K [0x0000000702400000, 0x0000000800000000)
  region size 1024K, 7 young (7168K), 7 survivors (7168K)
 Metaspace       used 29481K, capacity 30365K, committed 30592K, reserved 1077248K
  class space    used 3330K, capacity 3684K, committed 3712K, reserved 1048576K
}
Event: 4.842 GC heap before
{Heap before GC invocations=5 (full 0):
 garbage-first heap   total 260096K, used 59558K [0x0000000702400000, 0x0000000800000000)
  region size 1024K, 48 young (49152K), 7 survivors (7168K)
 Metaspace       used 34768K, capacity 35709K, committed 35840K, reserved 1081344K
  class space    used 4008K, capacity 4409K, committed 4480K, reserved 1048576K
}
Event: 4.852 GC heap after
{Heap after GC invocations=6 (full 0):
 garbage-first heap   total 260096K, used 20648K [0x0000000702400000, 0x0000000800000000)
  region size 1024K, 9 young (9216K), 9 survivors (9216K)
 Metaspace       used 34768K, capacity 35709K, committed 35840K, reserved 1081344K
  class space    used 4008K, capacity 4409K, committed 4480K, reserved 1048576K
}
Event: 13.733 GC heap before
{Heap before GC invocations=7 (full 0):
 garbage-first heap   total 260096K, used 143528K [0x0000000702400000, 0x0000000800000000)
  region size 1024K, 112 young (114688K), 9 survivors (9216K)
 Metaspace       used 45314K, capacity 46725K, committed 46848K, reserved 1089536K
  class space    used 5416K, capacity 6052K, committed 6144K, reserved 1048576K
}
Event: 13.745 GC heap after
{Heap after GC invocations=8 (full 0):
 garbage-first heap   total 260096K, used 42524K [0x0000000702400000, 0x0000000800000000)
  region size 1024K, 12 young (12288K), 12 survivors (12288K)
 Metaspace       used 45314K, capacity 46725K, committed 46848K, reserved 1089536K
  class space    used 5416K, capacity 6052K, committed 6144K, reserved 1048576K
}

